[1224/142320.704:ERROR:crash_report_database_win.cc(469)] failed to stat report
[1224/142320.705:ERROR:crash_report_database_win.cc(469)] failed to stat report
[1226/192236.199:ERROR:crash_report_database_win.cc(469)] failed to stat report
[1226/192236.199:ERROR:crash_report_database_win.cc(469)] failed to stat report
[1226/193226.261:ERROR:crash_report_database_win.cc(469)] failed to stat report
[1226/193226.262:ERROR:crash_report_database_win.cc(469)] failed to stat report
[1227/182632.478:ERROR:crash_report_database_win.cc(469)] failed to stat report
[1227/182632.479:ERROR:crash_report_database_win.cc(469)] failed to stat report
[1227/201915.587:ERROR:crash_report_database_win.cc(469)] failed to stat report
[1227/201915.587:ERROR:crash_report_database_win.cc(469)] failed to stat report
[1228/093356.918:ERROR:crash_report_database_win.cc(469)] failed to stat report
[1228/093356.949:ERROR:crash_report_database_win.cc(469)] failed to stat report
[1230/161627.397:ERROR:crash_report_database_win.cc(469)] failed to stat report
[1230/161627.420:ERROR:crash_report_database_win.cc(469)] failed to stat report
[1230/162409.331:ERROR:crash_report_database_win.cc(469)] failed to stat report
[1230/162409.332:ERROR:crash_report_database_win.cc(469)] failed to stat report
[1230/232445.128:ERROR:crash_report_database_win.cc(469)] failed to stat report
[1230/232445.129:ERROR:crash_report_database_win.cc(469)] failed to stat report
[1230/235945.032:ERROR:crash_report_database_win.cc(469)] failed to stat report
[1230/235945.032:ERROR:crash_report_database_win.cc(469)] failed to stat report
<<<<<<< HEAD
[0103/121413.674:ERROR:crash_report_database_win.cc(469)] failed to stat report
[0103/121414.267:ERROR:crash_report_database_win.cc(469)] failed to stat report
[0104/081526.648:ERROR:crash_report_database_win.cc(469)] failed to stat report
[0104/081526.740:ERROR:crash_report_database_win.cc(469)] failed to stat report
[0104/082526.617:ERROR:crash_report_database_win.cc(469)] failed to stat report
[0104/082526.617:ERROR:crash_report_database_win.cc(469)] failed to stat report
[0104/082526.618:ERROR:crash_report_database_win.cc(469)] failed to stat report
[0104/082526.618:ERROR:crash_report_database_win.cc(469)] failed to stat report
[0104/083026.785:ERROR:crash_report_database_win.cc(469)] failed to stat report
[0104/083026.785:ERROR:crash_report_database_win.cc(469)] failed to stat report
[0104/103228.653:ERROR:crash_report_database_win.cc(469)] failed to stat report
[0104/103228.653:ERROR:crash_report_database_win.cc(469)] failed to stat report
[0104/104728.656:ERROR:crash_report_database_win.cc(469)] failed to stat report
[0104/104728.656:ERROR:crash_report_database_win.cc(469)] failed to stat report
[0104/112657.650:ERROR:crash_report_database_win.cc(469)] failed to stat report
[0104/112657.650:ERROR:crash_report_database_win.cc(469)] failed to stat report
[0104/114157.651:ERROR:crash_report_database_win.cc(469)] failed to stat report
[0104/114157.651:ERROR:crash_report_database_win.cc(469)] failed to stat report
[0104/115657.652:ERROR:crash_report_database_win.cc(469)] failed to stat report
[0104/115657.652:ERROR:crash_report_database_win.cc(469)] failed to stat report
[0104/121157.654:ERROR:crash_report_database_win.cc(469)] failed to stat report
[0104/121157.654:ERROR:crash_report_database_win.cc(469)] failed to stat report
[0104/121737.380:ERROR:crash_report_database_win.cc(469)] failed to stat report
[0104/121737.381:ERROR:crash_report_database_win.cc(469)] failed to stat report
[0104/122657.656:ERROR:crash_report_database_win.cc(469)] failed to stat report
[0104/122657.656:ERROR:crash_report_database_win.cc(469)] failed to stat report
[0104/124156.356:ERROR:crash_report_database_win.cc(469)] failed to stat report
[0104/124156.356:ERROR:crash_report_database_win.cc(469)] failed to stat report
[0104/125656.359:ERROR:crash_report_database_win.cc(469)] failed to stat report
[0104/125656.359:ERROR:crash_report_database_win.cc(469)] failed to stat report
[0104/131156.361:ERROR:crash_report_database_win.cc(469)] failed to stat report
[0104/131156.361:ERROR:crash_report_database_win.cc(469)] failed to stat report
[0104/132656.363:ERROR:crash_report_database_win.cc(469)] failed to stat report
[0104/132656.363:ERROR:crash_report_database_win.cc(469)] failed to stat report
[0104/134156.364:ERROR:crash_report_database_win.cc(469)] failed to stat report
[0104/134156.364:ERROR:crash_report_database_win.cc(469)] failed to stat report
[0104/135656.365:ERROR:crash_report_database_win.cc(469)] failed to stat report
[0104/135656.365:ERROR:crash_report_database_win.cc(469)] failed to stat report
[0104/141156.368:ERROR:crash_report_database_win.cc(469)] failed to stat report
[0104/141156.368:ERROR:crash_report_database_win.cc(469)] failed to stat report
[0104/142656.369:ERROR:crash_report_database_win.cc(469)] failed to stat report
[0104/142656.369:ERROR:crash_report_database_win.cc(469)] failed to stat report
[0104/144156.370:ERROR:crash_report_database_win.cc(469)] failed to stat report
[0104/144156.370:ERROR:crash_report_database_win.cc(469)] failed to stat report
[0104/145656.372:ERROR:crash_report_database_win.cc(469)] failed to stat report
[0104/145656.372:ERROR:crash_report_database_win.cc(469)] failed to stat report
[0104/151156.373:ERROR:crash_report_database_win.cc(469)] failed to stat report
[0104/151156.373:ERROR:crash_report_database_win.cc(469)] failed to stat report
[0104/152656.376:ERROR:crash_report_database_win.cc(469)] failed to stat report
[0104/152656.376:ERROR:crash_report_database_win.cc(469)] failed to stat report
[0104/154156.377:ERROR:crash_report_database_win.cc(469)] failed to stat report
[0104/154156.377:ERROR:crash_report_database_win.cc(469)] failed to stat report
[0104/155656.380:ERROR:crash_report_database_win.cc(469)] failed to stat report
[0104/155656.380:ERROR:crash_report_database_win.cc(469)] failed to stat report
[0104/161156.396:ERROR:crash_report_database_win.cc(469)] failed to stat report
[0104/161156.396:ERROR:crash_report_database_win.cc(469)] failed to stat report
[0104/162656.409:ERROR:crash_report_database_win.cc(469)] failed to stat report
[0104/162656.409:ERROR:crash_report_database_win.cc(469)] failed to stat report
[0104/164156.410:ERROR:crash_report_database_win.cc(469)] failed to stat report
[0104/164156.410:ERROR:crash_report_database_win.cc(469)] failed to stat report
[0104/165656.413:ERROR:crash_report_database_win.cc(469)] failed to stat report
[0104/165656.413:ERROR:crash_report_database_win.cc(469)] failed to stat report
[0104/171156.415:ERROR:crash_report_database_win.cc(469)] failed to stat report
[0104/171156.415:ERROR:crash_report_database_win.cc(469)] failed to stat report
[0104/172656.416:ERROR:crash_report_database_win.cc(469)] failed to stat report
[0104/172656.416:ERROR:crash_report_database_win.cc(469)] failed to stat report
[0104/174156.418:ERROR:crash_report_database_win.cc(469)] failed to stat report
[0104/174156.418:ERROR:crash_report_database_win.cc(469)] failed to stat report
[0104/175656.420:ERROR:crash_report_database_win.cc(469)] failed to stat report
[0104/175656.420:ERROR:crash_report_database_win.cc(469)] failed to stat report
[0104/181156.422:ERROR:crash_report_database_win.cc(469)] failed to stat report
[0104/181156.422:ERROR:crash_report_database_win.cc(469)] failed to stat report
[0104/182656.422:ERROR:crash_report_database_win.cc(469)] failed to stat report
[0104/182656.422:ERROR:crash_report_database_win.cc(469)] failed to stat report
[0104/184156.423:ERROR:crash_report_database_win.cc(469)] failed to stat report
[0104/184156.423:ERROR:crash_report_database_win.cc(469)] failed to stat report
[0104/185656.426:ERROR:crash_report_database_win.cc(469)] failed to stat report
[0104/185656.426:ERROR:crash_report_database_win.cc(469)] failed to stat report
[0104/191156.428:ERROR:crash_report_database_win.cc(469)] failed to stat report
[0104/191156.428:ERROR:crash_report_database_win.cc(469)] failed to stat report
[0104/192656.431:ERROR:crash_report_database_win.cc(469)] failed to stat report
[0104/192656.431:ERROR:crash_report_database_win.cc(469)] failed to stat report
[0104/194156.432:ERROR:crash_report_database_win.cc(469)] failed to stat report
[0104/194156.432:ERROR:crash_report_database_win.cc(469)] failed to stat report
[0104/195656.435:ERROR:crash_report_database_win.cc(469)] failed to stat report
[0104/195656.435:ERROR:crash_report_database_win.cc(469)] failed to stat report
[0104/201156.438:ERROR:crash_report_database_win.cc(469)] failed to stat report
[0104/201156.438:ERROR:crash_report_database_win.cc(469)] failed to stat report
[0104/223212.956:ERROR:crash_report_database_win.cc(469)] failed to stat report
[0104/223212.956:ERROR:crash_report_database_win.cc(469)] failed to stat report
[0104/224712.958:ERROR:crash_report_database_win.cc(469)] failed to stat report
[0104/224712.958:ERROR:crash_report_database_win.cc(469)] failed to stat report
[0104/230212.963:ERROR:crash_report_database_win.cc(469)] failed to stat report
[0104/230212.964:ERROR:crash_report_database_win.cc(469)] failed to stat report
[0104/231712.966:ERROR:crash_report_database_win.cc(469)] failed to stat report
[0104/231712.966:ERROR:crash_report_database_win.cc(469)] failed to stat report
[0104/233212.967:ERROR:crash_report_database_win.cc(469)] failed to stat report
[0104/233212.967:ERROR:crash_report_database_win.cc(469)] failed to stat report
[0104/234712.967:ERROR:crash_report_database_win.cc(469)] failed to stat report
[0104/234712.967:ERROR:crash_report_database_win.cc(469)] failed to stat report
[0105/000212.970:ERROR:crash_report_database_win.cc(469)] failed to stat report
[0105/000212.970:ERROR:crash_report_database_win.cc(469)] failed to stat report
[0105/001712.970:ERROR:crash_report_database_win.cc(469)] failed to stat report
[0105/001712.970:ERROR:crash_report_database_win.cc(469)] failed to stat report
[0105/003212.972:ERROR:crash_report_database_win.cc(469)] failed to stat report
[0105/003212.972:ERROR:crash_report_database_win.cc(469)] failed to stat report
[0105/004712.974:ERROR:crash_report_database_win.cc(469)] failed to stat report
[0105/004712.974:ERROR:crash_report_database_win.cc(469)] failed to stat report
[0105/010212.976:ERROR:crash_report_database_win.cc(469)] failed to stat report
[0105/010212.976:ERROR:crash_report_database_win.cc(469)] failed to stat report
[0105/011712.976:ERROR:crash_report_database_win.cc(469)] failed to stat report
[0105/011712.976:ERROR:crash_report_database_win.cc(469)] failed to stat report
[0105/013212.976:ERROR:crash_report_database_win.cc(469)] failed to stat report
[0105/013212.976:ERROR:crash_report_database_win.cc(469)] failed to stat report
[0105/090758.816:ERROR:crash_report_database_win.cc(469)] failed to stat report
[0105/090758.816:ERROR:crash_report_database_win.cc(469)] failed to stat report
[0105/092258.818:ERROR:crash_report_database_win.cc(469)] failed to stat report
[0105/092258.818:ERROR:crash_report_database_win.cc(469)] failed to stat report
[0105/111525.205:ERROR:crash_report_database_win.cc(469)] failed to stat report
[0105/111525.205:ERROR:crash_report_database_win.cc(469)] failed to stat report
[0105/113025.207:ERROR:crash_report_database_win.cc(469)] failed to stat report
[0105/113025.207:ERROR:crash_report_database_win.cc(469)] failed to stat report
[0105/114525.210:ERROR:crash_report_database_win.cc(469)] failed to stat report
[0105/114525.210:ERROR:crash_report_database_win.cc(469)] failed to stat report
[0105/120025.212:ERROR:crash_report_database_win.cc(469)] failed to stat report
[0105/120025.212:ERROR:crash_report_database_win.cc(469)] failed to stat report
[0105/121827.409:ERROR:crash_report_database_win.cc(469)] failed to stat report
[0105/121827.409:ERROR:crash_report_database_win.cc(469)] failed to stat report
[0105/123327.412:ERROR:crash_report_database_win.cc(469)] failed to stat report
[0105/123327.412:ERROR:crash_report_database_win.cc(469)] failed to stat report
[0105/124827.413:ERROR:crash_report_database_win.cc(469)] failed to stat report
[0105/124827.413:ERROR:crash_report_database_win.cc(469)] failed to stat report
[0105/130327.414:ERROR:crash_report_database_win.cc(469)] failed to stat report
[0105/130327.414:ERROR:crash_report_database_win.cc(469)] failed to stat report
[0105/131827.419:ERROR:crash_report_database_win.cc(469)] failed to stat report
[0105/131827.421:ERROR:crash_report_database_win.cc(469)] failed to stat report
[0105/133327.430:ERROR:crash_report_database_win.cc(469)] failed to stat report
[0105/133327.430:ERROR:crash_report_database_win.cc(469)] failed to stat report
[0105/134827.432:ERROR:crash_report_database_win.cc(469)] failed to stat report
[0105/134827.432:ERROR:crash_report_database_win.cc(469)] failed to stat report
[0105/140327.434:ERROR:crash_report_database_win.cc(469)] failed to stat report
[0105/140327.434:ERROR:crash_report_database_win.cc(469)] failed to stat report
[0105/141827.435:ERROR:crash_report_database_win.cc(469)] failed to stat report
[0105/141827.435:ERROR:crash_report_database_win.cc(469)] failed to stat report
[0105/143327.437:ERROR:crash_report_database_win.cc(469)] failed to stat report
[0105/143327.437:ERROR:crash_report_database_win.cc(469)] failed to stat report
[0105/145143.778:ERROR:crash_report_database_win.cc(469)] failed to stat report
[0105/145143.778:ERROR:crash_report_database_win.cc(469)] failed to stat report
[0105/150643.780:ERROR:crash_report_database_win.cc(469)] failed to stat report
[0105/150643.780:ERROR:crash_report_database_win.cc(469)] failed to stat report
[0105/152143.782:ERROR:crash_report_database_win.cc(469)] failed to stat report
[0105/152143.783:ERROR:crash_report_database_win.cc(469)] failed to stat report
[0105/153643.785:ERROR:crash_report_database_win.cc(469)] failed to stat report
[0105/153643.785:ERROR:crash_report_database_win.cc(469)] failed to stat report
[0105/155143.787:ERROR:crash_report_database_win.cc(469)] failed to stat report
[0105/155143.787:ERROR:crash_report_database_win.cc(469)] failed to stat report
[0105/160643.789:ERROR:crash_report_database_win.cc(469)] failed to stat report
[0105/160643.789:ERROR:crash_report_database_win.cc(469)] failed to stat report
[0105/162143.792:ERROR:crash_report_database_win.cc(469)] failed to stat report
[0105/162143.792:ERROR:crash_report_database_win.cc(469)] failed to stat report
[0105/163643.795:ERROR:crash_report_database_win.cc(469)] failed to stat report
[0105/163643.795:ERROR:crash_report_database_win.cc(469)] failed to stat report
[0105/165143.797:ERROR:crash_report_database_win.cc(469)] failed to stat report
[0105/165143.797:ERROR:crash_report_database_win.cc(469)] failed to stat report
[0105/170643.800:ERROR:crash_report_database_win.cc(469)] failed to stat report
[0105/170643.800:ERROR:crash_report_database_win.cc(469)] failed to stat report
[0105/172143.801:ERROR:crash_report_database_win.cc(469)] failed to stat report
[0105/172143.801:ERROR:crash_report_database_win.cc(469)] failed to stat report
[0105/173643.802:ERROR:crash_report_database_win.cc(469)] failed to stat report
[0105/173643.802:ERROR:crash_report_database_win.cc(469)] failed to stat report
[0105/175143.802:ERROR:crash_report_database_win.cc(469)] failed to stat report
[0105/175143.802:ERROR:crash_report_database_win.cc(469)] failed to stat report
[0105/180643.803:ERROR:crash_report_database_win.cc(469)] failed to stat report
[0105/180643.803:ERROR:crash_report_database_win.cc(469)] failed to stat report
[0105/182143.803:ERROR:crash_report_database_win.cc(469)] failed to stat report
[0105/182143.804:ERROR:crash_report_database_win.cc(469)] failed to stat report
[0105/183643.806:ERROR:crash_report_database_win.cc(469)] failed to stat report
[0105/183643.806:ERROR:crash_report_database_win.cc(469)] failed to stat report
[0105/184225.953:ERROR:crash_report_database_win.cc(469)] failed to stat report
[0105/184225.954:ERROR:crash_report_database_win.cc(469)] failed to stat report
[0105/185143.808:ERROR:crash_report_database_win.cc(469)] failed to stat report
[0105/185143.808:ERROR:crash_report_database_win.cc(469)] failed to stat report
[0105/190643.809:ERROR:crash_report_database_win.cc(469)] failed to stat report
[0105/190643.809:ERROR:crash_report_database_win.cc(469)] failed to stat report
[0105/221815.325:ERROR:crash_report_database_win.cc(469)] failed to stat report
[0105/221815.325:ERROR:crash_report_database_win.cc(469)] failed to stat report
[0105/223315.327:ERROR:crash_report_database_win.cc(469)] failed to stat report
[0105/223315.327:ERROR:crash_report_database_win.cc(469)] failed to stat report
[0105/224815.330:ERROR:crash_report_database_win.cc(469)] failed to stat report
[0105/224815.330:ERROR:crash_report_database_win.cc(469)] failed to stat report
[0105/230315.331:ERROR:crash_report_database_win.cc(469)] failed to stat report
[0105/230315.331:ERROR:crash_report_database_win.cc(469)] failed to stat report
[0105/231815.333:ERROR:crash_report_database_win.cc(469)] failed to stat report
[0105/231815.333:ERROR:crash_report_database_win.cc(469)] failed to stat report
[0105/233315.335:ERROR:crash_report_database_win.cc(469)] failed to stat report
[0105/233315.335:ERROR:crash_report_database_win.cc(469)] failed to stat report
[0105/234815.336:ERROR:crash_report_database_win.cc(469)] failed to stat report
[0105/234815.336:ERROR:crash_report_database_win.cc(469)] failed to stat report
[0105/235931.424:ERROR:crash_report_database_win.cc(469)] failed to stat report
[0105/235931.425:ERROR:crash_report_database_win.cc(469)] failed to stat report
[0106/000315.337:ERROR:crash_report_database_win.cc(469)] failed to stat report
[0106/000315.337:ERROR:crash_report_database_win.cc(469)] failed to stat report
[0106/001815.338:ERROR:crash_report_database_win.cc(469)] failed to stat report
[0106/001815.338:ERROR:crash_report_database_win.cc(469)] failed to stat report
[0106/003315.340:ERROR:crash_report_database_win.cc(469)] failed to stat report
[0106/003315.341:ERROR:crash_report_database_win.cc(469)] failed to stat report
[0106/004314.966:ERROR:crash_report_database_win.cc(469)] failed to stat report
[0106/004314.966:ERROR:crash_report_database_win.cc(469)] failed to stat report
[0106/004314.967:ERROR:crash_report_database_win.cc(469)] failed to stat report
[0106/004314.968:ERROR:crash_report_database_win.cc(469)] failed to stat report
[0106/004815.342:ERROR:crash_report_database_win.cc(469)] failed to stat report
[0106/004815.342:ERROR:crash_report_database_win.cc(469)] failed to stat report
[0106/010315.344:ERROR:crash_report_database_win.cc(469)] failed to stat report
[0106/010315.344:ERROR:crash_report_database_win.cc(469)] failed to stat report
[0106/011815.347:ERROR:crash_report_database_win.cc(469)] failed to stat report
[0106/011815.347:ERROR:crash_report_database_win.cc(469)] failed to stat report
[0106/013315.348:ERROR:crash_report_database_win.cc(469)] failed to stat report
[0106/013315.348:ERROR:crash_report_database_win.cc(469)] failed to stat report
[0106/014815.349:ERROR:crash_report_database_win.cc(469)] failed to stat report
[0106/014815.349:ERROR:crash_report_database_win.cc(469)] failed to stat report
[0106/020315.349:ERROR:crash_report_database_win.cc(469)] failed to stat report
[0106/020315.349:ERROR:crash_report_database_win.cc(469)] failed to stat report
[0106/021815.409:ERROR:crash_report_database_win.cc(469)] failed to stat report
[0106/021815.410:ERROR:crash_report_database_win.cc(469)] failed to stat report
[0106/023315.410:ERROR:crash_report_database_win.cc(469)] failed to stat report
[0106/023315.410:ERROR:crash_report_database_win.cc(469)] failed to stat report
[0106/024815.413:ERROR:crash_report_database_win.cc(469)] failed to stat report
[0106/024815.413:ERROR:crash_report_database_win.cc(469)] failed to stat report
[0106/030315.416:ERROR:crash_report_database_win.cc(469)] failed to stat report
[0106/030315.416:ERROR:crash_report_database_win.cc(469)] failed to stat report
[0106/031815.418:ERROR:crash_report_database_win.cc(469)] failed to stat report
[0106/031815.418:ERROR:crash_report_database_win.cc(469)] failed to stat report
[0106/033315.419:ERROR:crash_report_database_win.cc(469)] failed to stat report
[0106/033315.419:ERROR:crash_report_database_win.cc(469)] failed to stat report
[0106/034815.421:ERROR:crash_report_database_win.cc(469)] failed to stat report
[0106/034815.421:ERROR:crash_report_database_win.cc(469)] failed to stat report
[0106/040315.423:ERROR:crash_report_database_win.cc(469)] failed to stat report
[0106/040315.423:ERROR:crash_report_database_win.cc(469)] failed to stat report
[0106/115300.259:ERROR:crash_report_database_win.cc(469)] failed to stat report
[0106/115300.305:ERROR:crash_report_database_win.cc(469)] failed to stat report
[0110/235820.034:ERROR:crash_report_database_win.cc(469)] failed to stat report
[0110/235820.084:ERROR:crash_report_database_win.cc(469)] failed to stat report
[0111/203855.934:ERROR:crash_report_database_win.cc(469)] failed to stat report
[0111/203855.935:ERROR:crash_report_database_win.cc(469)] failed to stat report
[0111/205043.258:ERROR:crash_report_database_win.cc(469)] failed to stat report
[0111/205043.259:ERROR:crash_report_database_win.cc(469)] failed to stat report
||||||| merged common ancestors
=======
[0103/121413.674:ERROR:crash_report_database_win.cc(469)] failed to stat report
[0103/121414.267:ERROR:crash_report_database_win.cc(469)] failed to stat report
[0104/081526.648:ERROR:crash_report_database_win.cc(469)] failed to stat report
[0104/081526.740:ERROR:crash_report_database_win.cc(469)] failed to stat report
[0104/082526.617:ERROR:crash_report_database_win.cc(469)] failed to stat report
[0104/082526.617:ERROR:crash_report_database_win.cc(469)] failed to stat report
[0104/082526.618:ERROR:crash_report_database_win.cc(469)] failed to stat report
[0104/082526.618:ERROR:crash_report_database_win.cc(469)] failed to stat report
[0104/083026.785:ERROR:crash_report_database_win.cc(469)] failed to stat report
[0104/083026.785:ERROR:crash_report_database_win.cc(469)] failed to stat report
[0104/103228.653:ERROR:crash_report_database_win.cc(469)] failed to stat report
[0104/103228.653:ERROR:crash_report_database_win.cc(469)] failed to stat report
[0104/104728.656:ERROR:crash_report_database_win.cc(469)] failed to stat report
[0104/104728.656:ERROR:crash_report_database_win.cc(469)] failed to stat report
[0104/112657.650:ERROR:crash_report_database_win.cc(469)] failed to stat report
[0104/112657.650:ERROR:crash_report_database_win.cc(469)] failed to stat report
[0104/114157.651:ERROR:crash_report_database_win.cc(469)] failed to stat report
[0104/114157.651:ERROR:crash_report_database_win.cc(469)] failed to stat report
[0104/115657.652:ERROR:crash_report_database_win.cc(469)] failed to stat report
[0104/115657.652:ERROR:crash_report_database_win.cc(469)] failed to stat report
[0104/121157.654:ERROR:crash_report_database_win.cc(469)] failed to stat report
[0104/121157.654:ERROR:crash_report_database_win.cc(469)] failed to stat report
[0104/121737.380:ERROR:crash_report_database_win.cc(469)] failed to stat report
[0104/121737.381:ERROR:crash_report_database_win.cc(469)] failed to stat report
[0104/122657.656:ERROR:crash_report_database_win.cc(469)] failed to stat report
[0104/122657.656:ERROR:crash_report_database_win.cc(469)] failed to stat report
[0104/124156.356:ERROR:crash_report_database_win.cc(469)] failed to stat report
[0104/124156.356:ERROR:crash_report_database_win.cc(469)] failed to stat report
[0104/125656.359:ERROR:crash_report_database_win.cc(469)] failed to stat report
[0104/125656.359:ERROR:crash_report_database_win.cc(469)] failed to stat report
[0104/131156.361:ERROR:crash_report_database_win.cc(469)] failed to stat report
[0104/131156.361:ERROR:crash_report_database_win.cc(469)] failed to stat report
[0104/132656.363:ERROR:crash_report_database_win.cc(469)] failed to stat report
[0104/132656.363:ERROR:crash_report_database_win.cc(469)] failed to stat report
[0104/134156.364:ERROR:crash_report_database_win.cc(469)] failed to stat report
[0104/134156.364:ERROR:crash_report_database_win.cc(469)] failed to stat report
[0104/135656.365:ERROR:crash_report_database_win.cc(469)] failed to stat report
[0104/135656.365:ERROR:crash_report_database_win.cc(469)] failed to stat report
[0104/141156.368:ERROR:crash_report_database_win.cc(469)] failed to stat report
[0104/141156.368:ERROR:crash_report_database_win.cc(469)] failed to stat report
[0104/142656.369:ERROR:crash_report_database_win.cc(469)] failed to stat report
[0104/142656.369:ERROR:crash_report_database_win.cc(469)] failed to stat report
[0104/144156.370:ERROR:crash_report_database_win.cc(469)] failed to stat report
[0104/144156.370:ERROR:crash_report_database_win.cc(469)] failed to stat report
[0104/145656.372:ERROR:crash_report_database_win.cc(469)] failed to stat report
[0104/145656.372:ERROR:crash_report_database_win.cc(469)] failed to stat report
[0104/151156.373:ERROR:crash_report_database_win.cc(469)] failed to stat report
[0104/151156.373:ERROR:crash_report_database_win.cc(469)] failed to stat report
[0104/152656.376:ERROR:crash_report_database_win.cc(469)] failed to stat report
[0104/152656.376:ERROR:crash_report_database_win.cc(469)] failed to stat report
[0104/154156.377:ERROR:crash_report_database_win.cc(469)] failed to stat report
[0104/154156.377:ERROR:crash_report_database_win.cc(469)] failed to stat report
[0104/155656.380:ERROR:crash_report_database_win.cc(469)] failed to stat report
[0104/155656.380:ERROR:crash_report_database_win.cc(469)] failed to stat report
[0104/161156.396:ERROR:crash_report_database_win.cc(469)] failed to stat report
[0104/161156.396:ERROR:crash_report_database_win.cc(469)] failed to stat report
[0104/162656.409:ERROR:crash_report_database_win.cc(469)] failed to stat report
[0104/162656.409:ERROR:crash_report_database_win.cc(469)] failed to stat report
>>>>>>> master
